<?xml version="1.0" encoding="UTF-8"?>
<!-- Generated by org.testng.reporters.JUnitReportReporter -->
<testsuite hostname="DESKTOP-89J675" failures="0" tests="1" name="Google.GoogleHomePage" time="4.342" errors="0" timestamp="2020-12-18T20:40:41 GMT" skipped="0">
  <testcase classname="Google.GoogleHomePage" name="googleHomePage" time="4.342"/>
  <system-out/>
</testsuite> <!-- Google.GoogleHomePage -->
